<?xml version="1.0" encoding="UTF-8"?>
<TestRun id="1f4224ff-010c-4dde-97be-a40dfcf2951c" name="Administrator@CX-12308- 2010-03-08 17:23:51" runUser="CX-12308-\Administrator" xmlns="http://microsoft.com/schemas/VisualStudio/TeamTest/2006">
  <TestRunConfiguration name="Local Test Run" id="9417f248-f0b7-4379-9366-52d448395bb2">
    <Description>This is a default test run configuration for a local test run.</Description>
    <Deployment runDeploymentRoot="E:\Svn\ithemesky\Src\Trunk\TestResults\Administrator_CX-12308- 2010-03-08 17_23_51">
      <DeploymentItem filename="E:\Svn\ithemesky\Src\Trunk\IThemeSky.Model\bin\Debug\IThemeSky.Model.dll" />
      <DeploymentItem filename="E:\Svn\ithemesky\Src\Trunk\IThemeSky.DataAccess\bin\Debug\IThemeSky.DataAccess.dll" />
      <DeploymentItem filename="E:\Svn\ithemesky\Src\Trunk\IThemeSky.Library\bin\Debug\IThemeSky.Library.dll" />
    </Deployment>
    <TestTypeSpecific />
  </TestRunConfiguration>
  <ResultSummary outcome="Completed">
    <Counters total="1" executed="1" passed="1" error="0" failed="0" timeout="0" aborted="0" inconclusive="0" passedButRunAborted="0" notRunnable="0" notExecuted="0" disconnected="0" warning="0" completed="0" inProgress="0" pending="0" />
  </ResultSummary>
  <Times creation="2010-03-08T17:23:51.0000000+08:00" queuing="2010-03-08T17:23:51.6875000+08:00" start="2010-03-08T17:23:51.8125000+08:00" finish="2010-03-08T17:23:52.8906250+08:00" />
  <TestDefinitions>
    <UnitTest name="AddThemeTest" storage="e:\svn\ithemesky\src\trunk\ithemesky.dataaccesstest\bin\debug\ithemesky.dataaccesstest.dll" id="74de9028-c4a3-fc91-ccb3-c438ff717887">
      <Css projectStructure="" iteration="" />
      <Owners>
        <Owner name="" />
      </Owners>
      <Execution id="02bd396d-eec4-4e8f-8e6f-37eaa0635151" />
      <TestMethod codeBase="E:\Svn\ithemesky\Src\Trunk\IThemeSky.DataAccessTest\bin\Debug\IThemeSky.DataAccessTest.dll" adapterTypeName="Microsoft.VisualStudio.TestTools.TestTypes.Unit.UnitTestAdapter, Microsoft.VisualStudio.QualityTools.Tips.UnitTest.Adapter, Version=9.0.0.0, Culture=neutral, PublicKeyToken=b03f5f7f11d50a3a" className="IThemeSky.DataAccessTest.IThemeManageRepositoryTest, IThemeSky.DataAccessTest" name="AddThemeTest" />
    </UnitTest>
  </TestDefinitions>
  <TestLists>
    <TestList name="Results Not in a List" id="8c84fa94-04c1-424b-9868-57a2d4851a1d" />
    <TestList name="All Loaded Results" id="19431567-8539-422a-85d7-44ee4e166bda" />
  </TestLists>
  <TestEntries>
    <TestEntry testId="74de9028-c4a3-fc91-ccb3-c438ff717887" executionId="02bd396d-eec4-4e8f-8e6f-37eaa0635151" testListId="8c84fa94-04c1-424b-9868-57a2d4851a1d" />
  </TestEntries>
  <Results>
    <UnitTestResult executionId="02bd396d-eec4-4e8f-8e6f-37eaa0635151" testId="74de9028-c4a3-fc91-ccb3-c438ff717887" testName="AddThemeTest" computerName="CX-12308-" duration="00:00:00.0522457" startTime="2010-03-08T17:23:51.9062500+08:00" endTime="2010-03-08T17:23:52.8750000+08:00" testType="13cdc9d9-ddb5-4fa4-a97d-d965ccfc6d4b" outcome="Passed" testListId="8c84fa94-04c1-424b-9868-57a2d4851a1d">
      <Output>
      </Output>
    </UnitTestResult>
  </Results>
</TestRun>